<?xml version="1.0" encoding="UTF-8"?>
<!-- Generated by org.testng.reporters.JUnitXMLReporter -->
<testsuite ignored="0" hostname="Naina" failures="0" tests="3" name="Homepage" time="11.509" errors="0" timestamp="2024-05-09T09:53:08 IST">
  <testcase classname="com.CRM.Tests.HomePageTest" name="ValidateUrl" time="0.067"/>
  <testcase classname="com.CRM.Tests.HomePageTest" name="ValidateTitle" time="0.037"/>
  <testcase classname="com.CRM.Tests.HomePageTest" name="ValidateSignIn" time="0.285"/>
</testsuite> <!-- Homepage -->
