<?xml version="1.0" encoding="UTF-8"?>
<!-- Generated by org.testng.reporters.JUnitXMLReporter -->
<testsuite ignored="0" hostname="Naina" failures="0" tests="3" name="Homepage" time="11.302" errors="0" timestamp="2024-05-09T11:47:42 IST">
  <testcase classname="com.CRM.Tests.HomePageTest" name="ValidateUrl" time="0.033"/>
  <testcase classname="com.CRM.Tests.HomePageTest" name="ValidateTitle" time="0.047"/>
  <testcase classname="com.CRM.Tests.HomePageTest" name="ValidateSignIn" time="0.779"/>
</testsuite> <!-- Homepage -->
