<?xml version="1.0" encoding="UTF-8"?>
<!-- Generated by org.testng.reporters.JUnitXMLReporter -->
<testsuite ignored="0" hostname="Naina" failures="0" tests="3" name="Homepage" time="11.913" errors="0" timestamp="2024-05-09T11:24:24 IST">
  <testcase classname="com.CRM.Tests.HomePageTest" name="ValidateUrl" time="0.075"/>
  <testcase classname="com.CRM.Tests.HomePageTest" name="ValidateTitle" time="0.076"/>
  <testcase classname="com.CRM.Tests.HomePageTest" name="ValidateSignIn" time="0.315"/>
</testsuite> <!-- Homepage -->
