<?xml version="1.0" encoding="UTF-8"?>
<testng-results ignored="0" total="4" passed="4" failed="0" skipped="0">
  <reporter-output>
  </reporter-output>
  <suite started-at="2024-05-09T11:24:12 IST" name="Suite" finished-at="2024-05-09T11:24:36 IST" duration-ms="23500">
    <groups>
    </groups>
    <test started-at="2024-05-09T11:24:12 IST" name="Homepage" finished-at="2024-05-09T11:24:24 IST" duration-ms="11913">
      <class name="com.CRM.Tests.HomePageTest">
        <test-method is-config="true" signature="SetUpBrowser()[pri:0, instance:com.CRM.Tests.HomePageTest@19bb07ed]" started-at="2024-05-09T11:24:12 IST" name="SetUpBrowser" finished-at="2024-05-09T11:24:22 IST" duration-ms="9257" status="PASS">
          <reporter-output>
          </reporter-output>
        </test-method> <!-- SetUpBrowser -->
        <test-method is-config="true" signature="setup()[pri:0, instance:com.CRM.Tests.HomePageTest@19bb07ed]" started-at="2024-05-09T11:24:22 IST" name="setup" finished-at="2024-05-09T11:24:23 IST" duration-ms="1315" status="PASS">
          <reporter-output>
          </reporter-output>
        </test-method> <!-- setup -->
        <test-method signature="ValidateUrl()[pri:1, instance:com.CRM.Tests.HomePageTest@19bb07ed]" started-at="2024-05-09T11:24:23 IST" name="ValidateUrl" finished-at="2024-05-09T11:24:23 IST" duration-ms="75" status="PASS">
          <reporter-output>
          </reporter-output>
        </test-method> <!-- ValidateUrl -->
        <test-method signature="ValidateTitle()[pri:2, instance:com.CRM.Tests.HomePageTest@19bb07ed]" started-at="2024-05-09T11:24:23 IST" name="ValidateTitle" finished-at="2024-05-09T11:24:23 IST" duration-ms="76" status="PASS">
          <reporter-output>
          </reporter-output>
        </test-method> <!-- ValidateTitle -->
        <test-method signature="ValidateSignIn()[pri:3, instance:com.CRM.Tests.HomePageTest@19bb07ed]" started-at="2024-05-09T11:24:23 IST" name="ValidateSignIn" finished-at="2024-05-09T11:24:23 IST" duration-ms="315" status="PASS">
          <reporter-output>
          </reporter-output>
        </test-method> <!-- ValidateSignIn -->
        <test-method is-config="true" signature="CloseBrowser()[pri:0, instance:com.CRM.Tests.HomePageTest@19bb07ed]" started-at="2024-05-09T11:24:23 IST" name="CloseBrowser" finished-at="2024-05-09T11:24:24 IST" duration-ms="714" status="PASS">
          <reporter-output>
          </reporter-output>
        </test-method> <!-- CloseBrowser -->
      </class> <!-- com.CRM.Tests.HomePageTest -->
    </test> <!-- Homepage -->
    <test started-at="2024-05-09T11:24:24 IST" name="LoginPage" finished-at="2024-05-09T11:24:36 IST" duration-ms="11415">
      <class name="com.CRM.Tests.LoginTest">
        <test-method is-config="true" signature="SetUpBrowser()[pri:0, instance:com.CRM.Tests.LoginTest@16ec5519]" started-at="2024-05-09T11:24:24 IST" name="SetUpBrowser" finished-at="2024-05-09T11:24:32 IST" duration-ms="7365" status="PASS">
          <reporter-output>
          </reporter-output>
        </test-method> <!-- SetUpBrowser -->
        <test-method is-config="true" signature="setup()[pri:0, instance:com.CRM.Tests.LoginTest@16ec5519]" started-at="2024-05-09T11:24:32 IST" name="setup" finished-at="2024-05-09T11:24:33 IST" duration-ms="1784" status="PASS">
          <reporter-output>
          </reporter-output>
        </test-method> <!-- setup -->
        <test-method signature="ValidateLogin()[pri:0, instance:com.CRM.Tests.LoginTest@16ec5519]" started-at="2024-05-09T11:24:33 IST" name="ValidateLogin" finished-at="2024-05-09T11:24:35 IST" duration-ms="1610" status="PASS">
          <reporter-output>
          </reporter-output>
        </test-method> <!-- ValidateLogin -->
        <test-method is-config="true" signature="CloseBrowser()[pri:0, instance:com.CRM.Tests.LoginTest@16ec5519]" started-at="2024-05-09T11:24:35 IST" name="CloseBrowser" finished-at="2024-05-09T11:24:36 IST" duration-ms="639" status="PASS">
          <reporter-output>
          </reporter-output>
        </test-method> <!-- CloseBrowser -->
      </class> <!-- com.CRM.Tests.LoginTest -->
    </test> <!-- LoginPage -->
  </suite> <!-- Suite -->
</testng-results>
