<?xml version="1.0" encoding="UTF-8"?>
<testng-results ignored="0" total="4" passed="4" failed="0" skipped="0">
  <reporter-output>
  </reporter-output>
  <suite started-at="2024-05-09T10:42:13 IST" name="Suite" finished-at="2024-05-09T10:42:31 IST" duration-ms="18215">
    <groups>
    </groups>
    <test started-at="2024-05-09T10:42:13 IST" name="Homepage" finished-at="2024-05-09T10:42:22 IST" duration-ms="9363">
      <class name="com.CRM.Tests.HomePageTest">
        <test-method is-config="true" signature="SetUpBrowser()[pri:0, instance:com.CRM.Tests.HomePageTest@19bb07ed]" started-at="2024-05-09T10:42:13 IST" name="SetUpBrowser" finished-at="2024-05-09T10:42:20 IST" duration-ms="6970" status="PASS">
          <reporter-output>
          </reporter-output>
        </test-method> <!-- SetUpBrowser -->
        <test-method is-config="true" signature="setup()[pri:0, instance:com.CRM.Tests.HomePageTest@19bb07ed]" started-at="2024-05-09T10:42:20 IST" name="setup" finished-at="2024-05-09T10:42:21 IST" duration-ms="1186" status="PASS">
          <reporter-output>
          </reporter-output>
        </test-method> <!-- setup -->
        <test-method signature="ValidateUrl()[pri:1, instance:com.CRM.Tests.HomePageTest@19bb07ed]" started-at="2024-05-09T10:42:21 IST" name="ValidateUrl" finished-at="2024-05-09T10:42:21 IST" duration-ms="40" status="PASS">
          <reporter-output>
          </reporter-output>
        </test-method> <!-- ValidateUrl -->
        <test-method signature="ValidateTitle()[pri:2, instance:com.CRM.Tests.HomePageTest@19bb07ed]" started-at="2024-05-09T10:42:21 IST" name="ValidateTitle" finished-at="2024-05-09T10:42:21 IST" duration-ms="24" status="PASS">
          <reporter-output>
          </reporter-output>
        </test-method> <!-- ValidateTitle -->
        <test-method signature="ValidateSignIn()[pri:3, instance:com.CRM.Tests.HomePageTest@19bb07ed]" started-at="2024-05-09T10:42:21 IST" name="ValidateSignIn" finished-at="2024-05-09T10:42:22 IST" duration-ms="239" status="PASS">
          <reporter-output>
          </reporter-output>
        </test-method> <!-- ValidateSignIn -->
        <test-method is-config="true" signature="CloseBrowser()[pri:0, instance:com.CRM.Tests.HomePageTest@19bb07ed]" started-at="2024-05-09T10:42:22 IST" name="CloseBrowser" finished-at="2024-05-09T10:42:22 IST" duration-ms="768" status="PASS">
          <reporter-output>
          </reporter-output>
        </test-method> <!-- CloseBrowser -->
      </class> <!-- com.CRM.Tests.HomePageTest -->
    </test> <!-- Homepage -->
    <test started-at="2024-05-09T10:42:23 IST" name="LoginPage" finished-at="2024-05-09T10:42:31 IST" duration-ms="8711">
      <class name="com.CRM.Tests.LoginTest">
        <test-method is-config="true" signature="SetUpBrowser()[pri:0, instance:com.CRM.Tests.LoginTest@2f7298b]" started-at="2024-05-09T10:42:23 IST" name="SetUpBrowser" finished-at="2024-05-09T10:42:27 IST" duration-ms="4562" status="PASS">
          <reporter-output>
          </reporter-output>
        </test-method> <!-- SetUpBrowser -->
        <test-method is-config="true" signature="setup()[pri:0, instance:com.CRM.Tests.LoginTest@2f7298b]" started-at="2024-05-09T10:42:27 IST" name="setup" finished-at="2024-05-09T10:42:29 IST" duration-ms="1504" status="PASS">
          <reporter-output>
          </reporter-output>
        </test-method> <!-- setup -->
        <test-method signature="ValidateLogin()[pri:0, instance:com.CRM.Tests.LoginTest@2f7298b]" started-at="2024-05-09T10:42:29 IST" name="ValidateLogin" finished-at="2024-05-09T10:42:30 IST" duration-ms="1889" status="PASS">
          <reporter-output>
          </reporter-output>
        </test-method> <!-- ValidateLogin -->
        <test-method is-config="true" signature="CloseBrowser()[pri:0, instance:com.CRM.Tests.LoginTest@2f7298b]" started-at="2024-05-09T10:42:30 IST" name="CloseBrowser" finished-at="2024-05-09T10:42:31 IST" duration-ms="750" status="PASS">
          <reporter-output>
          </reporter-output>
        </test-method> <!-- CloseBrowser -->
      </class> <!-- com.CRM.Tests.LoginTest -->
    </test> <!-- LoginPage -->
  </suite> <!-- Suite -->
</testng-results>
