<?xml version="1.0" encoding="UTF-8"?>
<testng-results ignored="0" total="4" passed="4" failed="0" skipped="0">
  <reporter-output>
  </reporter-output>
  <suite started-at="2024-05-04T17:13:16 IST" name="Suite" finished-at="2024-05-04T17:13:29 IST" duration-ms="13132">
    <groups>
    </groups>
    <test started-at="2024-05-04T17:13:16 IST" name="Homepage" finished-at="2024-05-04T17:13:24 IST" duration-ms="7535">
      <class name="com.CRM.Tests.HomePageTest">
        <test-method is-config="true" signature="SetUpBrowser()[pri:0, instance:com.CRM.Tests.HomePageTest@74fe5c40]" started-at="2024-05-04T17:13:16 IST" name="SetUpBrowser" finished-at="2024-05-04T17:13:21 IST" duration-ms="4391" status="PASS">
          <reporter-output>
          </reporter-output>
        </test-method> <!-- SetUpBrowser -->
        <test-method is-config="true" signature="setup()[pri:0, instance:com.CRM.Tests.HomePageTest@74fe5c40]" started-at="2024-05-04T17:13:21 IST" name="setup" finished-at="2024-05-04T17:13:23 IST" duration-ms="2478" status="PASS">
          <reporter-output>
          </reporter-output>
        </test-method> <!-- setup -->
        <test-method signature="ValidateUrl()[pri:1, instance:com.CRM.Tests.HomePageTest@74fe5c40]" started-at="2024-05-04T17:13:23 IST" name="ValidateUrl" finished-at="2024-05-04T17:13:23 IST" duration-ms="20" status="PASS">
          <reporter-output>
          </reporter-output>
        </test-method> <!-- ValidateUrl -->
        <test-method signature="ValidateTitle()[pri:2, instance:com.CRM.Tests.HomePageTest@74fe5c40]" started-at="2024-05-04T17:13:23 IST" name="ValidateTitle" finished-at="2024-05-04T17:13:23 IST" duration-ms="11" status="PASS">
          <reporter-output>
          </reporter-output>
        </test-method> <!-- ValidateTitle -->
        <test-method signature="ValidateSignIn()[pri:3, instance:com.CRM.Tests.HomePageTest@74fe5c40]" started-at="2024-05-04T17:13:23 IST" name="ValidateSignIn" finished-at="2024-05-04T17:13:23 IST" duration-ms="106" status="PASS">
          <reporter-output>
          </reporter-output>
        </test-method> <!-- ValidateSignIn -->
        <test-method is-config="true" signature="CloseBrowser()[pri:0, instance:com.CRM.Tests.HomePageTest@74fe5c40]" started-at="2024-05-04T17:13:23 IST" name="CloseBrowser" finished-at="2024-05-04T17:13:24 IST" duration-ms="478" status="PASS">
          <reporter-output>
          </reporter-output>
        </test-method> <!-- CloseBrowser -->
      </class> <!-- com.CRM.Tests.HomePageTest -->
    </test> <!-- Homepage -->
    <test started-at="2024-05-04T17:13:24 IST" name="LoginPage" finished-at="2024-05-04T17:13:29 IST" duration-ms="5521">
      <class name="com.CRM.Tests.Login">
        <test-method is-config="true" signature="SetUpBrowser()[pri:0, instance:com.CRM.Tests.Login@76505305]" started-at="2024-05-04T17:13:24 IST" name="SetUpBrowser" finished-at="2024-05-04T17:13:27 IST" duration-ms="2931" status="PASS">
          <reporter-output>
          </reporter-output>
        </test-method> <!-- SetUpBrowser -->
        <test-method is-config="true" signature="setup()[pri:0, instance:com.CRM.Tests.Login@76505305]" started-at="2024-05-04T17:13:27 IST" name="setup" finished-at="2024-05-04T17:13:28 IST" duration-ms="1404" status="PASS">
          <reporter-output>
          </reporter-output>
        </test-method> <!-- setup -->
        <test-method signature="ValidateLogin()[pri:0, instance:com.CRM.Tests.Login@76505305]" started-at="2024-05-04T17:13:28 IST" name="ValidateLogin" finished-at="2024-05-04T17:13:29 IST" duration-ms="813" status="PASS">
          <reporter-output>
          </reporter-output>
        </test-method> <!-- ValidateLogin -->
        <test-method is-config="true" signature="CloseBrowser()[pri:0, instance:com.CRM.Tests.Login@76505305]" started-at="2024-05-04T17:13:29 IST" name="CloseBrowser" finished-at="2024-05-04T17:13:29 IST" duration-ms="363" status="PASS">
          <reporter-output>
          </reporter-output>
        </test-method> <!-- CloseBrowser -->
      </class> <!-- com.CRM.Tests.Login -->
    </test> <!-- LoginPage -->
  </suite> <!-- Suite -->
</testng-results>
