<?xml version="1.0" encoding="UTF-8"?>
<testng-results ignored="0" total="4" passed="4" failed="0" skipped="0">
  <reporter-output>
  </reporter-output>
  <suite started-at="2024-05-09T11:47:31 IST" name="Suite" finished-at="2024-05-09T11:47:54 IST" duration-ms="23182">
    <groups>
    </groups>
    <test started-at="2024-05-09T11:47:31 IST" name="Homepage" finished-at="2024-05-09T11:47:42 IST" duration-ms="11302">
      <class name="com.CRM.Tests.HomePageTest">
        <test-method is-config="true" signature="SetUpBrowser()[pri:0, instance:com.CRM.Tests.HomePageTest@74fe5c40]" started-at="2024-05-09T11:47:31 IST" name="SetUpBrowser" finished-at="2024-05-09T11:47:38 IST" duration-ms="7192" status="PASS">
          <reporter-output>
          </reporter-output>
        </test-method> <!-- SetUpBrowser -->
        <test-method is-config="true" signature="setup()[pri:0, instance:com.CRM.Tests.HomePageTest@74fe5c40]" started-at="2024-05-09T11:47:38 IST" name="setup" finished-at="2024-05-09T11:47:40 IST" duration-ms="2082" status="PASS">
          <reporter-output>
          </reporter-output>
        </test-method> <!-- setup -->
        <test-method signature="ValidateUrl()[pri:1, instance:com.CRM.Tests.HomePageTest@74fe5c40]" started-at="2024-05-09T11:47:40 IST" name="ValidateUrl" finished-at="2024-05-09T11:47:40 IST" duration-ms="33" status="PASS">
          <reporter-output>
          </reporter-output>
        </test-method> <!-- ValidateUrl -->
        <test-method signature="ValidateTitle()[pri:2, instance:com.CRM.Tests.HomePageTest@74fe5c40]" started-at="2024-05-09T11:47:40 IST" name="ValidateTitle" finished-at="2024-05-09T11:47:40 IST" duration-ms="47" status="PASS">
          <reporter-output>
          </reporter-output>
        </test-method> <!-- ValidateTitle -->
        <test-method signature="ValidateSignIn()[pri:3, instance:com.CRM.Tests.HomePageTest@74fe5c40]" started-at="2024-05-09T11:47:40 IST" name="ValidateSignIn" finished-at="2024-05-09T11:47:41 IST" duration-ms="779" status="PASS">
          <reporter-output>
          </reporter-output>
        </test-method> <!-- ValidateSignIn -->
        <test-method is-config="true" signature="CloseBrowser()[pri:0, instance:com.CRM.Tests.HomePageTest@74fe5c40]" started-at="2024-05-09T11:47:41 IST" name="CloseBrowser" finished-at="2024-05-09T11:47:42 IST" duration-ms="1013" status="PASS">
          <reporter-output>
          </reporter-output>
        </test-method> <!-- CloseBrowser -->
      </class> <!-- com.CRM.Tests.HomePageTest -->
    </test> <!-- Homepage -->
    <test started-at="2024-05-09T11:47:42 IST" name="LoginPage" finished-at="2024-05-09T11:47:54 IST" duration-ms="11549">
      <class name="com.CRM.Tests.LoginTest">
        <test-method is-config="true" signature="SetUpBrowser()[pri:0, instance:com.CRM.Tests.LoginTest@76505305]" started-at="2024-05-09T11:47:43 IST" name="SetUpBrowser" finished-at="2024-05-09T11:47:48 IST" duration-ms="5309" status="PASS">
          <reporter-output>
          </reporter-output>
        </test-method> <!-- SetUpBrowser -->
        <test-method is-config="true" signature="setup()[pri:0, instance:com.CRM.Tests.LoginTest@76505305]" started-at="2024-05-09T11:47:48 IST" name="setup" finished-at="2024-05-09T11:47:49 IST" duration-ms="1678" status="PASS">
          <reporter-output>
          </reporter-output>
        </test-method> <!-- setup -->
        <test-method signature="ValidateLogin()[pri:0, instance:com.CRM.Tests.LoginTest@76505305]" started-at="2024-05-09T11:47:49 IST" name="ValidateLogin" finished-at="2024-05-09T11:47:53 IST" duration-ms="3201" status="PASS">
          <reporter-output>
          </reporter-output>
        </test-method> <!-- ValidateLogin -->
        <test-method is-config="true" signature="CloseBrowser()[pri:0, instance:com.CRM.Tests.LoginTest@76505305]" started-at="2024-05-09T11:47:53 IST" name="CloseBrowser" finished-at="2024-05-09T11:47:54 IST" duration-ms="1335" status="PASS">
          <reporter-output>
          </reporter-output>
        </test-method> <!-- CloseBrowser -->
      </class> <!-- com.CRM.Tests.LoginTest -->
    </test> <!-- LoginPage -->
  </suite> <!-- Suite -->
</testng-results>
